<!DOCTYPE PATDOC SYSTEM "ST32-US-Grant-025xml.dtd" [
<!ENTITY USRE037672-20020430-D00000.TIF SYSTEM "USRE037672-20020430-D00000.TIF" NDATA TIF>
<!ENTITY USRE037672-20020430-D00001.TIF SYSTEM "USRE037672-20020430-D00001.TIF" NDATA TIF>
<!ENTITY USRE037672-20020430-D00002.TIF SYSTEM "USRE037672-20020430-D00002.TIF" NDATA TIF>
<!ENTITY USRE037672-20020430-D00003.TIF SYSTEM "USRE037672-20020430-D00003.TIF" NDATA TIF>
<!ENTITY USRE037672-20020430-D00004.TIF SYSTEM "USRE037672-20020430-D00004.TIF" NDATA TIF>
<!ENTITY USRE037672-20020430-D00005.TIF SYSTEM "USRE037672-20020430-D00005.TIF" NDATA TIF>
<!ENTITY USRE037672-20020430-D00006.TIF SYSTEM "USRE037672-20020430-D00006.TIF" NDATA TIF>
<!ENTITY USRE037672-20020430-D00007.TIF SYSTEM "USRE037672-20020430-D00007.TIF" NDATA TIF>
<!ENTITY USRE037672-20020430-D00008.TIF SYSTEM "USRE037672-20020430-D00008.TIF" NDATA TIF>
<!ENTITY USRE037672-20020430-D00009.TIF SYSTEM "USRE037672-20020430-D00009.TIF" NDATA TIF>
<!ENTITY USRE037672-20020430-D00010.TIF SYSTEM "USRE037672-20020430-D00010.TIF" NDATA TIF>
<!ENTITY USRE037672-20020430-D00011.TIF SYSTEM "USRE037672-20020430-D00011.TIF" NDATA TIF>
<!ENTITY USRE037672-20020430-D00012.TIF SYSTEM "USRE037672-20020430-D00012.TIF" NDATA TIF>
<!ENTITY USRE037672-20020430-D00013.TIF SYSTEM "USRE037672-20020430-D00013.TIF" NDATA TIF>
<!ENTITY USRE037672-20020430-D00014.TIF SYSTEM "USRE037672-20020430-D00014.TIF" NDATA TIF>
<!ENTITY USRE037672-20020430-D00015.TIF SYSTEM "USRE037672-20020430-D00015.TIF" NDATA TIF>
<!ENTITY USRE037672-20020430-D00016.TIF SYSTEM "USRE037672-20020430-D00016.TIF" NDATA TIF>
<!ENTITY USRE037672-20020430-D00017.TIF SYSTEM "USRE037672-20020430-D00017.TIF" NDATA TIF>
<!ENTITY USRE037672-20020430-D00018.TIF SYSTEM "USRE037672-20020430-D00018.TIF" NDATA TIF>
<!ENTITY USRE037672-20020430-D00019.TIF SYSTEM "USRE037672-20020430-D00019.TIF" NDATA TIF>
<!ENTITY USRE037672-20020430-D00020.TIF SYSTEM "USRE037672-20020430-D00020.TIF" NDATA TIF>
<!ENTITY USRE037672-20020430-D00021.TIF SYSTEM "USRE037672-20020430-D00021.TIF" NDATA TIF>
<!ENTITY USRE037672-20020430-D00022.TIF SYSTEM "USRE037672-20020430-D00022.TIF" NDATA TIF>
<!ENTITY USRE037672-20020430-D00023.TIF SYSTEM "USRE037672-20020430-D00023.TIF" NDATA TIF>
<!ENTITY USRE037672-20020430-D00024.TIF SYSTEM "USRE037672-20020430-D00024.TIF" NDATA TIF>
]>
<PATDOC DTD="2.5" STATUS="Build 20020101">
<SDOBI>
<B100>
<B110><DNUM><PDAT>RE037672</PDAT></DNUM></B110>
<B130><PDAT>E1</PDAT></B130>
<B140><DATE><PDAT>20020430</PDAT></DATE></B140>
<B190><PDAT>US</PDAT></B190>
</B100>
<B200>
<B210><DNUM><PDAT>29115609</PDAT></DNUM></B210>
<B211US><PDAT>29</PDAT></B211US>
<B220><DATE><PDAT>19991208</PDAT></DATE></B220>
</B200>
<B500>
<B510>
<B511><PDAT>26 04þÔE¶T½\</PDAT></B511>
<B516><PDAT>7</PDAT></B516>
</B510>
<B520>
<B521><PDAT>D26  6</PDAT></B521>
</B520>
<B540><STEXT><PDAT>Candle with bubbles</PDAT></STEXT></B540>
<B560>
<B561>
<PCIT>
<DOC><DNUM><PDAT>2584563</PDAT></DNUM>
<DATE><PDAT>19520200</PDAT></DATE>
<KIND><PDAT>A</PDAT></KIND>
</DOC>
<PARTY-US>
<NAM><SNM><STEXT><PDAT>Duncan</PDAT></STEXT></SNM></NAM>
</PARTY-US>
<PNC><PDAT>431125</PDAT></PNC></PCIT><CITED-BY-EXAMINER/>
</B561>
<B561>
<PCIT>
<DOC><DNUM><PDAT>3434789</PDAT></DNUM>
<DATE><PDAT>19690300</PDAT></DATE>
<KIND><PDAT>A</PDAT></KIND>
</DOC>
<PARTY-US>
<NAM><SNM><STEXT><PDAT>Haller</PDAT></STEXT></SNM></NAM>
</PARTY-US>
<PNC><PDAT>D26 16</PDAT></PNC></PCIT><CITED-BY-EXAMINER/>
</B561>
<B561>
<PCIT>
<DOC><DNUM><PDAT>3790332</PDAT></DNUM>
<DATE><PDAT>19740200</PDAT></DATE>
<KIND><PDAT>A</PDAT></KIND>
</DOC>
<PARTY-US>
<NAM><SNM><STEXT><PDAT>Woollard</PDAT></STEXT></SNM></NAM>
</PARTY-US>
<PNC><PDAT>431291</PDAT></PNC></PCIT><CITED-BY-EXAMINER/>
</B561>
<B561>
<PCIT>
<DOC><DNUM><PDAT>D231135</PDAT></DNUM>
<DATE><PDAT>19740400</PDAT></DATE>
<KIND><PDAT>S</PDAT></KIND>
</DOC>
<PARTY-US>
<NAM><SNM><STEXT><PDAT>Marcum</PDAT></STEXT></SNM></NAM>
</PARTY-US>
<PNC><PDAT>D26  7</PDAT></PNC></PCIT><CITED-BY-EXAMINER/>
</B561>
<B561>
<PCIT>
<DOC><DNUM><PDAT>4035138</PDAT></DNUM>
<DATE><PDAT>19770700</PDAT></DATE>
<KIND><PDAT>A</PDAT></KIND>
</DOC>
<PARTY-US>
<NAM><SNM><STEXT><PDAT>Walters</PDAT></STEXT></SNM></NAM>
</PARTY-US>
<PNC><PDAT>431125</PDAT></PNC></PCIT><CITED-BY-EXAMINER/>
</B561>
<B561>
<PCIT>
<DOC><DNUM><PDAT>4110066</PDAT></DNUM>
<DATE><PDAT>19780800</PDAT></DATE>
<KIND><PDAT>A</PDAT></KIND>
</DOC>
<PARTY-US>
<NAM><SNM><STEXT><PDAT>Murphy</PDAT></STEXT></SNM></NAM>
</PARTY-US>
<PNC><PDAT>431125</PDAT></PNC></PCIT><CITED-BY-EXAMINER/>
</B561>
<B561>
<PCIT>
<DOC><DNUM><PDAT>D290208</PDAT></DNUM>
<DATE><PDAT>19870600</PDAT></DATE>
<KIND><PDAT>S</PDAT></KIND>
</DOC>
<PARTY-US>
<NAM><SNM><STEXT><PDAT>Hlava et al.</PDAT></STEXT></SNM></NAM>
</PARTY-US>
<PNC><PDAT>D 7523</PDAT></PNC></PCIT><CITED-BY-EXAMINER/>
</B561>
<B561>
<PCIT>
<DOC><DNUM><PDAT>D371713</PDAT></DNUM>
<DATE><PDAT>19960700</PDAT></DATE>
<KIND><PDAT>S</PDAT></KIND>
</DOC>
<PARTY-US>
<NAM><SNM><STEXT><PDAT>Credle</PDAT></STEXT></SNM></NAM>
</PARTY-US>
<PNC><PDAT>D 7301</PDAT></PNC></PCIT><CITED-BY-EXAMINER/>
</B561>
<B562><NCIT><STEXT><PDAT>Emkay Candle Wonderland, Item &amp;num;605 Christmas Toddy Mug, page 5, Mar. 1968.* </PDAT></STEXT></NCIT><CITED-BY-OTHER/></B562>
<B562><NCIT><STEXT><PDAT>American Candle Co. Inc., &amp;num;WS-299 Beer Stein Lite-Scented, Aug. 1966.* </PDAT></STEXT></NCIT><CITED-BY-OTHER/></B562>
<B562><NCIT><STEXT><PDAT>Monongah Glass Co., &amp;num;5247, Saucer Champagne, page 113, Apr. 1920.* </PDAT></STEXT></NCIT><CITED-BY-OTHER/></B562>
<B562><NCIT><STEXT><PDAT>Monongah Glass Co., &amp;num;7806 Confection Stand, page 257, Apr. 1920.* </PDAT></STEXT></NCIT><CITED-BY-OTHER/></B562>
<B562><NCIT><STEXT><PDAT>Monongh Glass Co., &amp;num;8902 Tumbler, page 172, Apr. 1920.* </PDAT></STEXT></NCIT><CITED-BY-OTHER/></B562>
<B562><NCIT><STEXT><PDAT>Sales tag from &amp;ldquo;Clearfire De-Lite&amp;rdquo; candle product (from &amp;ldquo;Candle-lite, Lancaster Colony Company,&amp;rdquo; Cincinnati, OH 45242) (1995).</PDAT></STEXT></NCIT><CITED-BY-EXAMINER/></B562>
</B560>
<B570>
<B577><PDAT>1</PDAT></B577>
<B578US><PDAT>1</PDAT></B578US>
</B570>
<B580>
<B582><PDAT>D26  6</PDAT></B582>
<B582><PDAT>D26  7</PDAT></B582>
<B582><PDAT>D26  9</PDAT></B582>
<B582><PDAT>D26 16</PDAT></B582>
<B582><PDAT>D 7523</PDAT></B582>
<B582><PDAT>D 7524</PDAT></B582>
<B582><PDAT>D 7533</PDAT></B582>
<B582><PDAT>D 7536</PDAT></B582>
<B582><PDAT>D 7301</PDAT></B582>
<B582><PDAT>431125</PDAT></B582>
<B583US><PDAT>431288-292</PDAT></B583US>
</B580>
<B590><B595><PDAT>24</PDAT></B595><B596><PDAT>32</PDAT></B596><B597US/>
</B590>
</B500>
<B600>
<B640><PARENT-US><CDOC><DOC><DNUM><PDAT>29/115609</PDAT></DNUM></DOC></CDOC><PDOC><DOC><DNUM><PDAT>29/062383</PDAT></DNUM><DATE><PDAT>19961104</PDAT></DATE><CTRY><PDAT>US</PDAT></CTRY><KIND><PDAT>00</PDAT></KIND></DOC></PDOC><PSTA><PDAT>00</PDAT></PSTA><PPUB><DOC><DNUM><PDAT>08387446</PDAT></DNUM><DATE><PDAT>19971209</PDAT></DATE><CTRY><PDAT>US</PDAT></CTRY><KIND><PDAT>00</PDAT></KIND></DOC></PPUB></PARENT-US></B640>
</B600>
<B700>
<B720>
<B721>
<PARTY-US>
<NAM><FNM><PDAT>Jeffrey</PDAT></FNM><SNM><STEXT><PDAT>Bell</PDAT></STEXT></SNM></NAM>
<ADR>
<CITY><PDAT>Bloomsbury</PDAT></CITY>
<STATE><PDAT>NJ</PDAT></STATE>
</ADR>
</PARTY-US>
</B721>
<B721>
<PARTY-US>
<NAM><FNM><PDAT>Stuart A.</PDAT></FNM><SNM><STEXT><PDAT>Zlotnik</PDAT></STEXT></SNM></NAM>
<ADR>
<CITY><PDAT>Montville</PDAT></CITY>
<STATE><PDAT>NJ</PDAT></STATE>
</ADR>
</PARTY-US>
</B721>
</B720>
<B730>
<B731>
<PARTY-US>
<NAM><ONM><STEXT><PDAT>Aromatic Technologies, Inc.</PDAT></STEXT></ONM></NAM>
<ADR><CITY><PDAT>Somerville</PDAT></CITY><STATE><PDAT>NJ</PDAT></STATE></ADR>
</PARTY-US>
</B731>
<B732US>
<PDAT>02</PDAT>
</B732US>
</B730>
<B740>
<B741>
<PARTY-US>
<NAM><FNM><PDAT>Reed</PDAT></FNM><SNM><STEXT><PDAT>Smith LLP</PDAT></STEXT></SNM></NAM>
</PARTY-US>
</B741>
</B740>
<B745>
<B746>
<PARTY-US>
<NAM><FNM><PDAT>Robin V.</PDAT></FNM><SNM><STEXT><PDAT>Taylor</PDAT></STEXT></SNM></NAM>
</PARTY-US>
</B746>
<B748US><PDAT>2911</PDAT></B748US>
</B745>
</B700>
</SDOBI>
<SDOAB>
<BTEXT>
<H LVL="1"><STEXT><HIL><BOLD><PDAT>CLAIM </PDAT></BOLD></HIL></STEXT></H>
<PARA ID="P-00001" LVL="7"><PTEXT><PDAT>The ornamental design for a candle with bubbles, as shown and described.</PDAT></PTEXT></PARA>
<H LVL="1"><STEXT><HIL><BOLD><PDAT>DESCRIPTION </PDAT></BOLD></HIL></STEXT></H>
<PARA ID="P-00002" LVL="7"><PTEXT><PDAT>FIG. </PDAT><HIL><BOLD><PDAT>1 </PDAT></BOLD></HIL><PDAT>is a perspective view of a first embodiment of a candle with bubbles showing our new design, wherein the candle simulates the appearance of a carbonated beverage in a drinking vessel;</PDAT></PTEXT></PARA>
<PARA ID="P-00003" LVL="7"><PTEXT><PDAT>FIG. </PDAT><HIL><BOLD><PDAT>2 </PDAT></BOLD></HIL><PDAT>is a side elevational view of the candle with bubbles shown in FIG. </PDAT><HIL><BOLD><PDAT>1</PDAT></BOLD></HIL><PDAT>, the other sides being identical;</PDAT></PTEXT></PARA>
<PARA ID="P-00004" LVL="7"><PTEXT><PDAT>FIG. </PDAT><HIL><BOLD><PDAT>3 </PDAT></BOLD></HIL><PDAT>is a top plan view of the candle with bubbles shown in FIG. </PDAT><HIL><BOLD><PDAT>1; </PDAT></BOLD></HIL></PTEXT></PARA>
<PARA ID="P-00005" LVL="7"><PTEXT><PDAT>FIG. </PDAT><HIL><BOLD><PDAT>4 </PDAT></BOLD></HIL><PDAT>is a bottom plan view of the candle with bubbles shown in FIG. </PDAT><HIL><BOLD><PDAT>1; </PDAT></BOLD></HIL></PTEXT></PARA>
<PARA ID="P-00006" LVL="7"><PTEXT><PDAT>FIG. </PDAT><HIL><BOLD><PDAT>5 </PDAT></BOLD></HIL><PDAT>is a perspective view of a further embodiment of a candle with bubbles showing our new design, wherein the candle simulates the appearance of a carbonated beverage in a drinking vessel;</PDAT></PTEXT></PARA>
<PARA ID="P-00007" LVL="7"><PTEXT><PDAT>FIG. </PDAT><HIL><BOLD><PDAT>6 </PDAT></BOLD></HIL><PDAT>is a side elevational view of the candle with bubbles shown in FIG. </PDAT><HIL><BOLD><PDAT>5</PDAT></BOLD></HIL><PDAT>, the other sides being identical;</PDAT></PTEXT></PARA>
<PARA ID="P-00008" LVL="7"><PTEXT><PDAT>FIG. </PDAT><HIL><BOLD><PDAT>7 </PDAT></BOLD></HIL><PDAT>is a top plan view of the candle with bubbles shown in FIG. </PDAT><HIL><BOLD><PDAT>5; </PDAT></BOLD></HIL></PTEXT></PARA>
<PARA ID="P-00009" LVL="7"><PTEXT><PDAT>FIG. </PDAT><HIL><BOLD><PDAT>8 </PDAT></BOLD></HIL><PDAT>is a bottom plan view of the candle with bubbles shown in FIG. </PDAT><HIL><BOLD><PDAT>5; </PDAT></BOLD></HIL></PTEXT></PARA>
<PARA ID="P-00010" LVL="7"><PTEXT><PDAT>FIG. </PDAT><HIL><BOLD><PDAT>9 </PDAT></BOLD></HIL><PDAT>is a perspective view of a further embodiment of a candle with bubbles showing our new design, wherein the candle simulates the appearance of a carbonated beverage in a drinking vessel;</PDAT></PTEXT></PARA>
<PARA ID="P-00011" LVL="7"><PTEXT><PDAT>FIG. </PDAT><HIL><BOLD><PDAT>10 </PDAT></BOLD></HIL><PDAT>is a side elevational view of the candle with bubbles shown in FIG. </PDAT><HIL><BOLD><PDAT>9</PDAT></BOLD></HIL><PDAT>, the other sides being identical;</PDAT></PTEXT></PARA>
<PARA ID="P-00012" LVL="7"><PTEXT><PDAT>FIG. </PDAT><HIL><BOLD><PDAT>11 </PDAT></BOLD></HIL><PDAT>is a top plan view of the candle with bubbles shown in FIG. </PDAT><HIL><BOLD><PDAT>9; </PDAT></BOLD></HIL></PTEXT></PARA>
<PARA ID="P-00013" LVL="7"><PTEXT><PDAT>FIG. </PDAT><HIL><BOLD><PDAT>12 </PDAT></BOLD></HIL><PDAT>is a bottom plan view of the candle with bubbles shown in FIG. </PDAT><HIL><BOLD><PDAT>9; </PDAT></BOLD></HIL></PTEXT></PARA>
<PARA ID="P-00014" LVL="7"><PTEXT><PDAT>FIG. </PDAT><HIL><BOLD><PDAT>13 </PDAT></BOLD></HIL><PDAT>is a perspective view of a further embodiment of a candle with bubbles showing our new design, wherein the candle simulates the appearance of a carbonated beverage in a drinking vessel;</PDAT></PTEXT></PARA>
<PARA ID="P-00015" LVL="7"><PTEXT><PDAT>FIG. </PDAT><HIL><BOLD><PDAT>14 </PDAT></BOLD></HIL><PDAT>is a side elevational view of the candle with bubbles shown in FIG. </PDAT><HIL><BOLD><PDAT>13</PDAT></BOLD></HIL><PDAT>, the other sides being identical;</PDAT></PTEXT></PARA>
<PARA ID="P-00016" LVL="7"><PTEXT><PDAT>FIG. </PDAT><HIL><BOLD><PDAT>15 </PDAT></BOLD></HIL><PDAT>is a top plan view of the candle with bubbles shown in FIG. </PDAT><HIL><BOLD><PDAT>13; </PDAT></BOLD></HIL></PTEXT></PARA>
<PARA ID="P-00017" LVL="7"><PTEXT><PDAT>FIG. </PDAT><HIL><BOLD><PDAT>16 </PDAT></BOLD></HIL><PDAT>is a bottom plan view of the candle within bubbles shown in FIG. </PDAT><HIL><BOLD><PDAT>13; </PDAT></BOLD></HIL></PTEXT></PARA>
<PARA ID="P-00018" LVL="7"><PTEXT><PDAT>FIG. </PDAT><HIL><BOLD><PDAT>17 </PDAT></BOLD></HIL><PDAT>is a perspective view of a further embodiment of a candle with bubbles showing our new design, wherein the candle simulates the appearance of a carbonated beverage in a drinking vessel;</PDAT></PTEXT></PARA>
<PARA ID="P-00019" LVL="7"><PTEXT><PDAT>FIG. </PDAT><HIL><BOLD><PDAT>18 </PDAT></BOLD></HIL><PDAT>is a side elevational view of the candle with bubbles shown in FIG. </PDAT><HIL><BOLD><PDAT>17</PDAT></BOLD></HIL><PDAT>, the other sides being identical;</PDAT></PTEXT></PARA>
<PARA ID="P-00020" LVL="7"><PTEXT><PDAT>FIG. </PDAT><HIL><BOLD><PDAT>19 </PDAT></BOLD></HIL><PDAT>is a top plan view of the candle with bubbles shown in FIG. </PDAT><HIL><BOLD><PDAT>17; </PDAT></BOLD></HIL></PTEXT></PARA>
<PARA ID="P-00021" LVL="7"><PTEXT><PDAT>FIG. </PDAT><HIL><BOLD><PDAT>20 </PDAT></BOLD></HIL><PDAT>is a bottom plan view of the candle with bubbles shown in FIG. </PDAT><HIL><BOLD><PDAT>17; </PDAT></BOLD></HIL></PTEXT></PARA>
<PARA ID="P-00022" LVL="7"><PTEXT><PDAT>FIG. </PDAT><HIL><BOLD><PDAT>21 </PDAT></BOLD></HIL><PDAT>is a perspective view of a further embodiment of a candle with bubbles showing our new design, wherein the candle simulates the appearance of a carbonated beverage in a drinking vessel;</PDAT></PTEXT></PARA>
<PARA ID="P-00023" LVL="7"><PTEXT><PDAT>FIG. </PDAT><HIL><BOLD><PDAT>22 </PDAT></BOLD></HIL><PDAT>is a side elevational view of the candle with bubbles shown in FIG. </PDAT><HIL><BOLD><PDAT>21</PDAT></BOLD></HIL><PDAT>, the other sides being identical;</PDAT></PTEXT></PARA>
<PARA ID="P-00024" LVL="7"><PTEXT><PDAT>FIG. </PDAT><HIL><BOLD><PDAT>23 </PDAT></BOLD></HIL><PDAT>is a top plan view of the candle with bubbles shown in FIG. </PDAT><HIL><BOLD><PDAT>21; </PDAT></BOLD></HIL></PTEXT></PARA>
<PARA ID="P-00025" LVL="7"><PTEXT><PDAT>FIG. </PDAT><HIL><BOLD><PDAT>24 </PDAT></BOLD></HIL><PDAT>is a bottom plan view of the candle with bubbles shown in FIG. </PDAT><HIL><BOLD><PDAT>21; </PDAT></BOLD></HIL></PTEXT></PARA>
<PARA ID="P-00026" LVL="7"><PTEXT><PDAT>FIG. </PDAT><HIL><BOLD><PDAT>25 </PDAT></BOLD></HIL><PDAT>is a perspective view of a further embodiment of a candle with bubbles showing our new design, wherein the candle simulates the appearance of a carbonated beverage in a drinking vessel;</PDAT></PTEXT></PARA>
<PARA ID="P-00027" LVL="7"><PTEXT><PDAT>FIG. </PDAT><HIL><BOLD><PDAT>26 </PDAT></BOLD></HIL><PDAT>is a side elevational view of the candle with bubbles shown in FIG. </PDAT><HIL><BOLD><PDAT>25</PDAT></BOLD></HIL><PDAT>, the other side being a mirror image;</PDAT></PTEXT></PARA>
<PARA ID="P-00028" LVL="7"><PTEXT><PDAT>FIG. </PDAT><HIL><BOLD><PDAT>27 </PDAT></BOLD></HIL><PDAT>is a top plan view of the candle with bubbles shown in FIG. </PDAT><HIL><BOLD><PDAT>25; </PDAT></BOLD></HIL></PTEXT></PARA>
<PARA ID="P-00029" LVL="7"><PTEXT><PDAT>FIG. </PDAT><HIL><BOLD><PDAT>28 </PDAT></BOLD></HIL><PDAT>is a bottom plan view of the candle with bubbles shown in FIG. </PDAT><HIL><BOLD><PDAT>25; </PDAT></BOLD></HIL></PTEXT></PARA>
<PARA ID="P-00030" LVL="7"><PTEXT><PDAT>FIG. </PDAT><HIL><BOLD><PDAT>29 </PDAT></BOLD></HIL><PDAT>is a perspective view of a further embodiment of a candle with bubbles showing our new design, wherein the candle simulates the appearance of a carbonated beverage in a drinking vessel;</PDAT></PTEXT></PARA>
<PARA ID="P-00031" LVL="7"><PTEXT><PDAT>FIG. </PDAT><HIL><BOLD><PDAT>30 </PDAT></BOLD></HIL><PDAT>is a side elevational view of the candle with bubbles shown in FIG. </PDAT><HIL><BOLD><PDAT>29</PDAT></BOLD></HIL><PDAT>, the other side being a mirror image;</PDAT></PTEXT></PARA>
<PARA ID="P-00032" LVL="7"><PTEXT><PDAT>FIG. </PDAT><HIL><BOLD><PDAT>31 </PDAT></BOLD></HIL><PDAT>is a top plan view of the candle with bubbles shown in FIG. </PDAT><HIL><BOLD><PDAT>29</PDAT></BOLD></HIL><PDAT>; and,</PDAT></PTEXT></PARA>
<PARA ID="P-00033" LVL="7"><PTEXT><PDAT>FIG. </PDAT><HIL><BOLD><PDAT>32 </PDAT></BOLD></HIL><PDAT>is a bottom plan view of the candle with bubbles shown in FIG. </PDAT><HIL><BOLD><PDAT>29. </PDAT></BOLD></HIL></PTEXT></PARA>
<PARA ID="P-00034" LVL="7"><PTEXT><PDAT><INS-S DATE="20020430" ID="INS-S-00001"/>The broken lines showing in FIGS. 1-32 are for illustrative purposes and form no part of the claimed design. <INS-E ID="INS-S-00001"/></PDAT></PTEXT></PARA>
</BTEXT>
</SDOAB>
<SDODE>
</SDODE>
</PATDOC>
<!DOCTYPE PATDOC SYSTEM "ST32-US-Grant-025xml.dtd" [
<!ENTITY USRE037713-20020528-D00000.TIF SYSTEM "USRE037713-20020528-D00000.TIF" NDATA TIF>
<!ENTITY USRE037713-20020528-D00001.TIF SYSTEM "USRE037713-20020528-D00001.TIF" NDATA TIF>
<!ENTITY USRE037713-20020528-D00002.TIF SYSTEM "USRE037713-20020528-D00002.TIF" NDATA TIF>
]>
<PATDOC DTD="2.5" STATUS="Build 20020101">
<SDOBI>
<B100>
<B110><DNUM><PDAT>RE037713</PDAT></DNUM></B110>
<B130><PDAT>E1</PDAT></B130>
<B140><DATE><PDAT>20020528</PDAT></DATE></B140>
<B190><PDAT>US</PDAT></B190>
</B100>
<B200>
<B210><DNUM><PDAT>29107620</PDAT></DNUM></B210>
<B211US><PDAT>29</PDAT></B211US>
<B220><DATE><PDAT>19990903</PDAT></DATE></B220>
</B200>
<B300>
<B310><DNUM><PDAT>2042112</PDAT></DNUM></B310>
<B320><DATE><PDAT>19940923</PDAT></DATE></B320>
<B330><CTRY><PDAT>GB</PDAT></CTRY></B330>
</B300>
<B500>
<B510>
<B511><PDAT>24 01þÔE¶T½\</PDAT></B511>
<B516><PDAT>7</PDAT></B516>
</B510>
<B520>
<B521><PDAT>D24223</PDAT></B521>
</B520>
<B540><STEXT><PDAT>Test result reader</PDAT></STEXT></B540>
<B560>
<B561>
<PCIT>
<DOC><DNUM><PDAT>D319103</PDAT></DNUM>
<DATE><PDAT>19910800</PDAT></DATE>
<KIND><PDAT>S</PDAT></KIND>
</DOC>
<PARTY-US>
<NAM><SNM><STEXT><PDAT>Chiu</PDAT></STEXT></SNM></NAM>
</PARTY-US>
<PNC><PDAT>D24223</PDAT></PNC></PCIT><CITED-BY-EXAMINER/>
</B561>
<B561>
<PCIT>
<DOC><DNUM><PDAT>D328135</PDAT></DNUM>
<DATE><PDAT>19920700</PDAT></DATE>
<KIND><PDAT>S</PDAT></KIND>
</DOC>
<PARTY-US>
<NAM><SNM><STEXT><PDAT>Fan et al.</PDAT></STEXT></SNM></NAM>
</PARTY-US>
<PNC><PDAT>D24223</PDAT></PNC></PCIT><CITED-BY-EXAMINER/>
</B561>
<B561>
<PCIT>
<DOC><DNUM><PDAT>D338275</PDAT></DNUM>
<DATE><PDAT>19930800</PDAT></DATE>
<KIND><PDAT>S</PDAT></KIND>
</DOC>
<PARTY-US>
<NAM><SNM><STEXT><PDAT>Fischer et al.</PDAT></STEXT></SNM></NAM>
</PARTY-US>
<PNC><PDAT>D24232</PDAT></PNC></PCIT><CITED-BY-EXAMINER/>
</B561>
<B561>
<PCIT>
<DOC><DNUM><PDAT>D359125</PDAT></DNUM>
<DATE><PDAT>19950600</PDAT></DATE>
<KIND><PDAT>S</PDAT></KIND>
</DOC>
<PARTY-US>
<NAM><SNM><STEXT><PDAT>Livingston</PDAT></STEXT></SNM></NAM>
</PARTY-US>
<PNC><PDAT>D24223</PDAT></PNC></PCIT><CITED-BY-EXAMINER/>
</B561>
</B560>
<B570>
<B577><PDAT>1</PDAT></B577>
<B578US><PDAT>1</PDAT></B578US>
</B570>
<B580>
<B582><PDAT>D24223</PDAT></B582>
<B582><PDAT>D24224</PDAT></B582>
<B582><PDAT>D24225</PDAT></B582>
<B582><PDAT>D24186</PDAT></B582>
<B582><PDAT>D24185</PDAT></B582>
<B582><PDAT>D24232</PDAT></B582>
<B582><PDAT>D10 81</PDAT></B582>
<B582><PDAT>422 61</PDAT></B582>
<B582><PDAT>422 62</PDAT></B582>
<B582><PDAT>422 50</PDAT></B582>
<B582><PDAT>422 681</PDAT></B582>
<B582><PDAT>435810</PDAT></B582>
<B582><PDAT>435806</PDAT></B582>
</B580>
<B590><B595><PDAT>2</PDAT></B595><B596><PDAT>4</PDAT></B596><B597US/>
</B590>
</B500>
<B600>
<B640><PARENT-US><CDOC><DOC><DNUM><PDAT>29/107620</PDAT></DNUM></DOC></CDOC><PDOC><DOC><DNUM><PDAT>29/036578</PDAT></DNUM><DATE><PDAT>19950322</PDAT></DATE><CTRY><PDAT>US</PDAT></CTRY><KIND><PDAT>00</PDAT></KIND></DOC></PDOC><PSTA><PDAT>00</PDAT></PSTA><PPUB><DOC><DNUM><PDAT>08380837</PDAT></DNUM><DATE><PDAT>19970708</PDAT></DATE><CTRY><PDAT>US</PDAT></CTRY><KIND><PDAT>00</PDAT></KIND></DOC></PPUB></PARENT-US></B640>
</B600>
<B700>
<B720>
<B721>
<PARTY-US>
<NAM><FNM><PDAT>Michael Thomas</PDAT></FNM><SNM><STEXT><PDAT>Pearson</PDAT></STEXT></SNM></NAM>
<ADR>
<CITY><PDAT>Surrey</PDAT></CITY>
<CTRY><PDAT>GB</PDAT></CTRY>
</ADR>
</PARTY-US>
</B721>
<B721>
<PARTY-US>
<NAM><FNM><PDAT>Kishen</PDAT></FNM><SNM><STEXT><PDAT>Gohil</PDAT></STEXT></SNM></NAM>
<ADR>
<CITY><PDAT>Surrey</PDAT></CITY>
<CTRY><PDAT>GB</PDAT></CTRY>
</ADR>
</PARTY-US>
</B721>
</B720>
<B730>
<B731>
<PARTY-US>
<NAM><ONM><STEXT><PDAT>Unipath Limited</PDAT></STEXT></ONM></NAM>
<ADR><CITY><PDAT>Basingstoke</PDAT></CITY><CTRY><PDAT>GB</PDAT></CTRY></ADR>
</PARTY-US>
</B731>
<B732US>
<PDAT>03</PDAT>
</B732US>
</B730>
<B740>
<B741>
<PARTY-US>
<NAM><ONM><STEXT><PDAT>Pillsbury Winthrop LLP</PDAT></STEXT></ONM></NAM>
</PARTY-US>
</B741>
</B740>
<B745>
<B746>
<PARTY-US>
<NAM><FNM><PDAT>Stella</PDAT></FNM><SNM><STEXT><PDAT>Reid</PDAT></STEXT></SNM></NAM>
</PARTY-US>
</B746>
<B748US><PDAT>2914</PDAT></B748US>
</B745>
</B700>
</SDOBI>
<SDOAB>
<BTEXT><H><STEXT><PDAT></PDAT></STEXT></H></BTEXT>
</SDOAB>
<SDODE>
</SDODE>
</PATDOC>
